2025-03-09 02:55:06,429 - INFO - Запуск приложения
2025-03-09 02:55:06,490 - INFO - Инициализация приложения
2025-03-09 02:55:14,780 - INFO - Приложение завершило работу
2025-03-09 03:03:50,070 - INFO - Запуск приложения
2025-03-09 03:03:50,129 - INFO - Инициализация приложения
2025-03-09 03:05:11,345 - INFO - Запуск приложения
2025-03-09 03:05:11,404 - INFO - Инициализация приложения
2025-03-09 03:05:32,163 - INFO - Начало расчёта метрик
2025-03-09 03:05:32,164 - INFO - Запуск расчёта метрик
2025-03-09 03:05:32,164 - INFO - CTR рассчитан: 9.91%
2025-03-09 03:05:32,301 - INFO - Автосохранение в D:\Projects\Python\DigitalMarketingMetrics\last_results.json
2025-03-09 03:05:32,301 - INFO - Расчёт метрик завершён
2025-03-09 03:13:45,664 - INFO - Приложение завершило работу
2025-03-09 03:13:49,512 - INFO - Запуск приложения
2025-03-09 03:13:49,555 - INFO - Инициализация приложения
2025-03-09 03:14:48,967 - INFO - Приложение завершило работу
2025-03-09 03:14:52,754 - INFO - Запуск приложения
2025-03-09 03:14:52,812 - INFO - Инициализация приложения
2025-03-09 03:17:05,539 - INFO - Приложение завершило работу
2025-03-09 03:17:08,590 - INFO - Запуск приложения
2025-03-09 03:17:08,652 - INFO - Инициализация приложения
2025-03-09 03:17:36,432 - INFO - Приложение завершило работу
2025-03-09 03:17:40,337 - INFO - Запуск приложения
2025-03-09 03:17:40,399 - INFO - Инициализация приложения
2025-03-09 03:18:52,748 - INFO - Тема изменена с minty на flatly
2025-03-09 03:18:54,019 - INFO - Тема изменена с flatly на cosmo
2025-03-09 03:18:55,133 - INFO - Тема изменена с cosmo на lumen
2025-03-09 03:18:56,279 - INFO - Тема изменена с lumen на minty
2025-03-09 03:18:57,716 - INFO - Тема изменена с minty на united
2025-03-09 03:18:59,433 - INFO - Тема изменена с united на journal
2025-03-09 03:19:01,385 - INFO - Тема изменена с journal на cyborg
2025-03-09 03:19:03,862 - INFO - Тема изменена с cyborg на vapor
2025-03-09 03:19:06,071 - INFO - Тема изменена с vapor на simplex
2025-03-09 03:19:08,958 - INFO - Тема изменена с simplex на cerculean
2025-03-09 03:19:13,391 - INFO - Тема изменена с cerculean на cosmo
2025-03-09 03:19:14,531 - INFO - Тема изменена с cosmo на flatly
2025-03-09 03:19:17,020 - INFO - Тема изменена с flatly на litera
2025-03-09 03:19:18,560 - INFO - Тема изменена с litera на minty
2025-03-09 03:19:21,532 - INFO - Тема изменена с minty на lumen
2025-03-09 03:19:23,458 - INFO - Тема изменена с lumen на sandstone
2025-03-09 03:19:24,975 - INFO - Тема изменена с sandstone на yeti
2025-03-09 03:19:26,697 - INFO - Тема изменена с yeti на pulse
2025-03-09 03:19:28,362 - INFO - Тема изменена с pulse на united
2025-03-09 03:19:30,486 - INFO - Тема изменена с united на united
2025-03-09 03:19:32,193 - INFO - Тема изменена с united на morph
2025-03-09 03:19:41,873 - INFO - Тема изменена с morph на journal
2025-03-09 03:19:54,937 - INFO - Тема изменена с journal на darkly
2025-03-09 03:20:01,378 - INFO - Тема изменена с darkly на superhero
2025-03-09 03:20:03,939 - INFO - Тема изменена с superhero на solar
2025-03-09 03:20:05,912 - INFO - Тема изменена с solar на cyborg
2025-03-09 03:20:07,644 - INFO - Тема изменена с cyborg на vapor
2025-03-09 03:20:09,237 - INFO - Тема изменена с vapor на simplex
2025-03-09 03:20:11,348 - INFO - Тема изменена с simplex на cerculean
2025-03-09 03:20:14,652 - INFO - Тема изменена с cerculean на cosmo
2025-03-09 03:20:26,140 - INFO - Язык изменён с ru на en
2025-03-09 03:20:27,528 - INFO - Язык изменён с en на ru
2025-03-09 03:20:31,168 - INFO - Очистка всех полей
2025-03-09 03:20:33,119 - INFO - Очистка всех полей
2025-03-09 03:25:03,882 - INFO - Начало расчёта метрик
2025-03-09 03:25:03,882 - INFO - Запуск расчёта метрик
2025-03-09 03:25:03,882 - WARNING - CTR: Кликов больше показов
2025-03-09 03:25:03,882 - INFO - Расчёт не выполнен: нет данных
2025-03-09 03:25:04,027 - INFO - Автосохранение в D:\Projects\Python\DigitalMarketingMetrics\last_results.json
2025-03-09 03:25:04,028 - INFO - Расчёт метрик завершён
2025-03-09 03:25:34,122 - INFO - Очистка всех полей
2025-03-09 03:25:58,642 - INFO - Очистка всех полей
2025-03-09 03:26:00,507 - INFO - Сохранение данных
2025-03-09 03:26:00,508 - INFO - Данные сохранены в D:\Projects\Python\DigitalMarketingMetrics\metrics_data.json
2025-03-09 03:34:23,184 - INFO - Запуск приложения
2025-03-09 03:34:23,232 - INFO - Инициализация приложения
2025-03-09 03:37:38,375 - INFO - Запуск приложения
2025-03-09 03:37:38,417 - INFO - Инициализация приложения
2025-03-09 03:40:55,747 - INFO - Запуск приложения
2025-03-09 03:40:55,806 - INFO - Инициализация приложения
2025-03-09 03:42:50,131 - INFO - Приложение завершило работу
2025-03-09 03:42:53,171 - INFO - Запуск приложения
2025-03-09 03:42:53,229 - INFO - Инициализация приложения
2025-03-09 03:42:55,204 - INFO - Приложение завершило работу
2025-03-09 03:43:02,753 - INFO - Запуск приложения
2025-03-09 03:43:02,810 - INFO - Инициализация приложения
2025-03-09 03:43:05,178 - INFO - Приложение завершило работу
2025-03-09 03:43:18,685 - INFO - Запуск приложения
2025-03-09 03:43:18,744 - INFO - Инициализация приложения
2025-03-09 03:43:20,465 - INFO - Приложение завершило работу
2025-03-09 03:43:32,104 - INFO - Запуск приложения
2025-03-09 03:43:32,162 - INFO - Инициализация приложения
2025-03-09 03:43:34,418 - INFO - Приложение завершило работу
2025-03-09 03:44:01,601 - INFO - Запуск приложения
2025-03-09 03:44:01,661 - INFO - Инициализация приложения
2025-03-09 03:44:03,464 - INFO - Приложение завершило работу
2025-03-09 03:44:12,138 - INFO - Запуск приложения
2025-03-09 03:44:12,196 - INFO - Инициализация приложения
2025-03-09 03:44:14,085 - INFO - Приложение завершило работу
2025-03-09 03:44:23,577 - INFO - Запуск приложения
2025-03-09 03:44:23,641 - INFO - Инициализация приложения
2025-03-09 03:48:48,945 - INFO - Очистка всех полей
2025-03-09 03:49:44,733 - INFO - Очистка всех полей
2025-03-09 03:49:45,849 - INFO - Очистка всех полей
2025-03-09 03:49:46,417 - INFO - Очистка всех полей
2025-03-09 03:49:46,609 - INFO - Очистка всех полей
2025-03-09 03:49:46,793 - INFO - Очистка всех полей
2025-03-09 03:49:56,369 - INFO - Сохранение данных
2025-03-09 03:49:56,371 - INFO - Данные сохранены в D:\Projects\Python\DigitalMarketingMetrics\metrics_data.json
2025-03-09 03:55:46,955 - INFO - Запуск приложения
2025-03-09 03:55:47,012 - INFO - Инициализация приложения
2025-03-09 03:58:54,090 - INFO - Приложение завершило работу
2025-03-09 04:03:05,092 - INFO - Запуск приложения
2025-03-09 04:03:05,151 - INFO - Инициализация приложения
2025-03-09 04:03:27,467 - INFO - Начало расчёта метрик
2025-03-09 04:03:27,467 - INFO - Запуск расчёта метрик
2025-03-09 04:03:27,468 - WARNING - CTR: Кликов больше показов
2025-03-09 04:03:27,468 - INFO - CPC рассчитан: $1.00
2025-03-09 04:03:27,603 - INFO - Автосохранение в D:\Projects\Python\DigitalMarketingMetrics\last_results.json
2025-03-09 04:03:27,604 - INFO - Расчёт метрик завершён
2025-03-09 04:05:52,673 - INFO - Приложение завершило работу
2025-03-09 04:05:56,138 - INFO - Запуск приложения
2025-03-09 04:05:56,182 - INFO - Инициализация приложения
2025-03-09 04:13:05,221 - INFO - Приложение завершило работу
2025-03-09 04:13:08,376 - INFO - Запуск приложения
2025-03-09 04:13:08,435 - INFO - Инициализация приложения
2025-03-09 04:13:36,408 - INFO - Запуск приложения
2025-03-09 04:13:36,452 - INFO - Инициализация приложения
2025-03-09 04:14:19,099 - INFO - Приложение завершило работу
2025-03-09 04:14:22,594 - INFO - Запуск приложения
2025-03-09 04:14:22,653 - INFO - Инициализация приложения
2025-03-09 04:16:00,758 - INFO - Результаты экспортированы в D:\Projects\Python\DigitalMarketingMetrics\metrics_results_20250309_041600.csv
2025-03-09 04:16:03,392 - INFO - Загрузка данных
2025-03-09 04:16:03,393 - INFO - Данные успешно загружены
2025-03-09 04:16:05,055 - INFO - Загрузка данных
2025-03-09 04:16:05,055 - INFO - Данные успешно загружены
2025-03-09 04:16:11,427 - INFO - Загрузка данных
2025-03-09 04:16:11,428 - INFO - Данные успешно загружены
2025-03-09 04:16:16,064 - INFO - Очистка всех полей
2025-03-09 04:16:16,855 - INFO - Очистка всех полей
2025-03-09 04:16:28,535 - INFO - Сохранение данных
2025-03-09 04:16:28,536 - INFO - Данные сохранены в D:\Projects\Python\DigitalMarketingMetrics\metrics_data.json
2025-03-09 04:16:40,851 - INFO - Начало расчёта метрик
2025-03-09 04:16:40,851 - INFO - Запуск расчёта метрик
2025-03-09 04:16:40,851 - INFO - CTR рассчитан: 9.09%
2025-03-09 04:16:40,976 - INFO - Автосохранение в D:\Projects\Python\DigitalMarketingMetrics\last_results.json
2025-03-09 04:16:40,977 - INFO - Расчёт метрик завершён
2025-03-09 04:18:11,676 - INFO - Приложение завершило работу
2025-03-09 04:18:15,077 - INFO - Запуск приложения
2025-03-09 04:18:15,135 - INFO - Инициализация приложения
2025-03-09 04:18:47,937 - INFO - Приложение завершило работу
2025-03-09 04:18:50,979 - INFO - Запуск приложения
2025-03-09 04:18:51,038 - INFO - Инициализация приложения
2025-03-09 04:18:57,949 - INFO - Приложение завершило работу
2025-03-09 04:19:23,604 - INFO - Запуск приложения
2025-03-09 04:19:23,667 - INFO - Инициализация приложения
2025-03-09 04:19:26,340 - INFO - Приложение завершило работу
2025-03-09 04:24:23,230 - INFO - Запуск приложения
2025-03-09 04:24:23,289 - INFO - Инициализация приложения
2025-03-09 04:30:46,880 - INFO - Запуск приложения
2025-03-09 04:30:46,937 - INFO - Инициализация приложения
2025-03-09 04:31:20,541 - INFO - Запуск приложения
2025-03-09 04:31:20,599 - INFO - Инициализация приложения
2025-03-09 04:31:42,111 - INFO - Приложение завершило работу
2025-03-09 04:31:45,174 - INFO - Запуск приложения
2025-03-09 04:31:45,238 - INFO - Инициализация приложения
2025-03-09 04:32:39,862 - INFO - Приложение завершило работу
2025-03-09 04:32:43,066 - INFO - Запуск приложения
2025-03-09 04:32:43,128 - INFO - Инициализация приложения
2025-03-09 04:33:02,459 - INFO - Приложение завершило работу
2025-03-09 04:33:06,025 - INFO - Запуск приложения
2025-03-09 04:33:06,084 - INFO - Инициализация приложения
2025-03-09 04:33:12,845 - INFO - Приложение завершило работу
2025-03-09 04:33:37,654 - INFO - Запуск приложения
2025-03-09 04:33:37,711 - INFO - Инициализация приложения
2025-03-09 04:35:49,863 - INFO - Приложение завершило работу
2025-03-09 04:35:55,997 - INFO - Запуск приложения
2025-03-09 04:35:56,057 - INFO - Инициализация приложения
2025-03-09 04:41:06,022 - INFO - Приложение завершило работу
2025-03-09 04:41:10,158 - INFO - Запуск приложения
2025-03-09 04:41:10,236 - INFO - Инициализация приложения
2025-03-09 04:42:12,690 - INFO - Начало расчёта метрик
2025-03-09 04:42:12,692 - INFO - Запуск расчёта метрик
2025-03-09 04:42:12,692 - INFO - CTR рассчитан: 1.00%
2025-03-09 04:42:12,857 - INFO - Автосохранение в D:\Projects\Python\DigitalMarketingMetrics\last_results.json
2025-03-09 04:42:12,858 - INFO - Расчёт метрик завершён
2025-03-09 04:42:24,669 - INFO - Начало расчёта метрик
2025-03-09 04:42:24,670 - INFO - Запуск расчёта метрик
2025-03-09 04:42:24,670 - INFO - CTR рассчитан: 1.00%
2025-03-09 04:42:24,671 - INFO - CPC рассчитан: $7.69
2025-03-09 04:42:24,765 - INFO - Автосохранение в D:\Projects\Python\DigitalMarketingMetrics\last_results.json
2025-03-09 04:42:24,765 - INFO - Расчёт метрик завершён
2025-03-09 04:42:33,573 - INFO - Начало расчёта метрик
2025-03-09 04:42:33,573 - INFO - Запуск расчёта метрик
2025-03-09 04:42:33,574 - INFO - CTR рассчитан: 1.00%
2025-03-09 04:42:33,574 - INFO - CPC рассчитан: $7.69
2025-03-09 04:42:33,574 - INFO - CPA рассчитан: $8.33
2025-03-09 04:42:33,661 - INFO - Автосохранение в D:\Projects\Python\DigitalMarketingMetrics\last_results.json
2025-03-09 04:42:33,662 - INFO - Расчёт метрик завершён
2025-03-09 04:43:08,053 - INFO - Начало расчёта метрик
2025-03-09 04:43:08,054 - INFO - Запуск расчёта метрик
2025-03-09 04:43:08,054 - INFO - CTR рассчитан: 1.00%
2025-03-09 04:43:08,054 - INFO - CPC рассчитан: $7.69
2025-03-09 04:43:08,054 - INFO - CPA рассчитан: $8.33
2025-03-09 04:43:08,054 - WARNING - ROAS < 1: Кампания убыточна
2025-03-09 04:43:08,054 - INFO - ROAS рассчитан: 0.13x
2025-03-09 04:43:08,147 - INFO - Автосохранение в D:\Projects\Python\DigitalMarketingMetrics\last_results.json
2025-03-09 04:43:08,148 - INFO - Расчёт метрик завершён
2025-03-09 04:43:29,636 - INFO - Результаты экспортированы в D:\Projects\Python\DigitalMarketingMetrics\metrics_results_20250309_044329.csv
2025-03-09 04:43:31,133 - INFO - Сохранение данных
2025-03-09 04:43:31,134 - INFO - Данные сохранены в D:\Projects\Python\DigitalMarketingMetrics\metrics_data.json
2025-03-09 04:51:44,509 - INFO - Приложение завершило работу
2025-03-09 04:56:18,912 - INFO - Запуск приложения
2025-03-09 04:56:18,966 - INFO - Инициализация приложения
2025-03-09 04:56:40,668 - INFO - Начало расчёта метрик
2025-03-09 04:56:40,819 - INFO - Автосохранение в D:\Projects\Python\DigitalMarketingMetrics\last_results.json
2025-03-09 04:56:40,820 - INFO - Расчёт метрик завершён
2025-03-09 04:57:35,504 - INFO - Начало расчёта метрик
2025-03-09 04:57:35,585 - INFO - Автосохранение в D:\Projects\Python\DigitalMarketingMetrics\last_results.json
2025-03-09 04:57:35,586 - INFO - Расчёт метрик завершён
2025-03-09 04:57:54,721 - INFO - Приложение завершило работу
2025-03-09 05:03:11,475 - INFO - Запуск приложения
2025-03-09 05:03:11,524 - INFO - Инициализация приложения
2025-03-09 05:03:22,940 - INFO - Начало расчёта метрик
2025-03-09 05:03:23,075 - INFO - Автосохранение в D:\Projects\Python\DigitalMarketingMetrics\last_results.json
2025-03-09 05:03:23,075 - INFO - Расчёт метрик завершён
2025-03-09 05:04:39,978 - INFO - Тема изменена с minty на cosmo
2025-03-09 05:04:42,869 - INFO - Тема изменена с cosmo на flatly
2025-03-09 05:04:44,707 - INFO - Тема изменена с flatly на litera
2025-03-09 05:04:47,042 - INFO - Тема изменена с litera на yeti
2025-03-09 05:09:59,979 - INFO - Тема изменена с yeti на cosmo
2025-03-09 05:10:03,484 - INFO - Тема изменена с cosmo на cosmo
2025-03-09 05:10:12,671 - INFO - Приложение завершило работу
2025-03-09 05:10:17,824 - INFO - Запуск приложения
2025-03-09 05:10:17,870 - INFO - Инициализация приложения
2025-03-09 05:10:35,840 - INFO - Тема изменена с minty на cerculean
2025-03-09 05:10:38,179 - INFO - Тема изменена с cerculean на simplex
2025-03-09 05:10:40,318 - INFO - Тема изменена с simplex на vapor
2025-03-09 05:10:43,460 - INFO - Тема изменена с vapor на cyborg
2025-03-09 05:10:45,736 - INFO - Тема изменена с cyborg на solar
2025-03-09 05:10:52,441 - INFO - Тема изменена с solar на superhero
2025-03-09 05:10:57,155 - INFO - Тема изменена с superhero на darkly
2025-03-09 05:10:59,771 - INFO - Тема изменена с darkly на journal
2025-03-09 05:11:02,330 - INFO - Тема изменена с journal на morph
2025-03-09 05:11:05,799 - INFO - Тема изменена с morph на united
2025-03-09 05:11:07,732 - INFO - Тема изменена с united на pulse
2025-03-09 05:11:09,955 - INFO - Тема изменена с pulse на yeti
2025-03-09 05:11:11,525 - INFO - Тема изменена с yeti на sandstone
2025-03-09 05:11:13,645 - INFO - Тема изменена с sandstone на lumen
2025-03-09 05:11:15,489 - INFO - Тема изменена с lumen на minty
2025-03-09 05:11:17,077 - INFO - Тема изменена с minty на litera
2025-03-09 05:11:18,770 - INFO - Тема изменена с litera на flatly
2025-03-09 05:11:19,832 - INFO - Тема изменена с flatly на cosmo
2025-03-09 05:11:22,070 - INFO - Тема изменена с cosmo на cerculean
2025-03-09 05:11:24,999 - INFO - Тема изменена с cerculean на simplex
2025-03-09 05:11:27,237 - INFO - Тема изменена с simplex на vapor
2025-03-09 05:11:31,094 - INFO - Тема изменена с vapor на cyborg
2025-03-09 05:11:36,577 - INFO - Тема изменена с cyborg на solar
2025-03-09 05:12:00,438 - INFO - Приложение завершило работу
2025-03-09 05:13:45,917 - INFO - Запуск приложения
2025-03-09 05:13:45,975 - INFO - Инициализация приложения
2025-03-09 05:14:41,672 - INFO - Начало расчёта метрик
2025-03-09 05:14:41,802 - INFO - Автосохранение в D:\Projects\Python\DigitalMarketingMetrics\last_results.json
2025-03-09 05:14:41,803 - INFO - Расчёт метрик завершён
2025-03-09 05:21:12,992 - INFO - Очистка всех полей
2025-03-09 05:21:24,817 - INFO - Тема изменена с solar на cosmo
2025-03-09 05:21:27,023 - INFO - Тема изменена с cosmo на flatly
2025-03-09 05:21:28,713 - INFO - Тема изменена с flatly на minty
2025-03-09 05:21:30,486 - INFO - Тема изменена с minty на cerculean
2025-03-09 05:21:32,143 - INFO - Тема изменена с cerculean на simplex
2025-03-09 05:21:33,817 - INFO - Тема изменена с simplex на vapor
2025-03-09 05:21:36,168 - INFO - Тема изменена с vapor на cyborg
2025-03-09 05:21:37,847 - INFO - Тема изменена с cyborg на solar
2025-03-09 05:21:40,151 - INFO - Язык изменён с ru на en
2025-03-09 05:21:44,370 - INFO - Язык изменён с en на ru
2025-03-09 05:21:57,763 - INFO - Очистка всех полей
2025-03-09 05:22:01,293 - INFO - Сохранение данных
2025-03-09 05:22:01,294 - INFO - Данные сохранены в D:\Projects\Python\DigitalMarketingMetrics\metrics_data.json
2025-03-09 05:22:04,707 - INFO - Загрузка данных
2025-03-09 05:22:04,708 - INFO - Данные успешно загружены
2025-03-09 05:23:10,376 - INFO - Начало расчёта метрик
2025-03-09 05:23:10,486 - INFO - Автосохранение в D:\Projects\Python\DigitalMarketingMetrics\last_results.json
2025-03-09 05:23:10,486 - INFO - Расчёт метрик завершён
2025-03-09 05:23:48,633 - INFO - Тема изменена с solar на cosmo
2025-03-09 05:23:53,179 - INFO - Тема изменена с cosmo на flatly
2025-03-09 05:23:55,362 - INFO - Тема изменена с flatly на minty
2025-03-09 05:24:03,239 - INFO - Начало расчёта метрик
2025-03-09 05:24:03,327 - INFO - Автосохранение в D:\Projects\Python\DigitalMarketingMetrics\last_results.json
2025-03-09 05:24:03,327 - INFO - Расчёт метрик завершён
2025-03-09 05:24:16,035 - INFO - Начало расчёта метрик
2025-03-09 05:24:16,123 - INFO - Автосохранение в D:\Projects\Python\DigitalMarketingMetrics\last_results.json
2025-03-09 05:24:16,124 - INFO - Расчёт метрик завершён
2025-03-09 05:24:27,119 - INFO - Начало расчёта метрик
2025-03-09 05:24:27,206 - INFO - Автосохранение в D:\Projects\Python\DigitalMarketingMetrics\last_results.json
2025-03-09 05:24:27,206 - INFO - Расчёт метрик завершён
2025-03-09 05:24:37,159 - INFO - Сохранение данных
2025-03-09 05:24:37,160 - INFO - Данные сохранены в D:\Projects\Python\DigitalMarketingMetrics\metrics_data.json
2025-03-09 05:24:42,567 - INFO - Результаты экспортированы в D:\Projects\Python\DigitalMarketingMetrics\metrics_results_20250309_052442.csv
2025-03-09 05:24:49,778 - INFO - Очистка всех полей
2025-03-09 05:32:57,138 - INFO - Тема изменена с minty на cyborg
2025-03-09 05:32:59,363 - INFO - Тема изменена с cyborg на solar
2025-03-09 05:37:29,425 - INFO - Приложение завершило работу
2025-03-09 16:06:18,374 - INFO - Запуск приложения
2025-03-09 16:06:18,468 - INFO - Инициализация приложения
2025-03-09 16:12:15,552 - INFO - Приложение завершило работу
2025-03-09 16:12:45,874 - INFO - Запуск приложения
2025-03-09 16:12:45,934 - INFO - Инициализация приложения
2025-03-09 16:35:32,485 - INFO - Приложение завершило работу
2025-03-09 16:35:36,604 - INFO - Запуск приложения
2025-03-09 16:35:36,671 - INFO - Инициализация приложения
2025-03-09 16:40:38,576 - INFO - Приложение завершило работу
2025-03-09 16:40:45,849 - INFO - Запуск приложения
2025-03-09 16:40:45,907 - INFO - Инициализация приложения
2025-03-09 16:42:39,682 - INFO - Начало расчёта метрик
2025-03-09 16:42:39,858 - INFO - Автосохранение в D:\Projects\Python\DigitalMarketingMetrics\last_results.json
2025-03-09 16:42:39,858 - INFO - Расчёт метрик завершён
2025-03-09 16:46:30,679 - INFO - Приложение завершило работу
2025-03-09 16:46:41,141 - INFO - Запуск приложения
2025-03-09 16:46:41,184 - INFO - Инициализация приложения
2025-03-09 16:47:55,506 - INFO - Начало расчёта метрик
2025-03-09 16:47:55,639 - INFO - Автосохранение в D:\Projects\Python\DigitalMarketingMetrics\last_results.json
2025-03-09 16:47:55,639 - INFO - Расчёт метрик завершён
